<?xml version="1.0" encoding="UTF-8"?>
<!-- Generated by org.testng.reporters.JUnitReportReporter -->
<testsuite skipped="0" hostname="DESKTOP-VUTO33F" name="WriteToExcel.ScreenShotDemo" tests="1" failures="0" timestamp="31 Oct 2019 06:28:17 GMT" time="47.476" errors="0">
  <testcase name="captureScreenShot" time="47.476" classname="WriteToExcel.ScreenShotDemo"/>
</testsuite> <!-- WriteToExcel.ScreenShotDemo -->
