<?xml version="1.0" encoding="UTF-8"?>
<!-- Generated by org.testng.reporters.JUnitReportReporter -->
<testsuite name="WriteToExcel.ReadExcelDataMethod2" tests="1" time="0.538" ignored="0" failures="0" timestamp="31 Oct 2019 05:45:52 GMT" skipped="0" hostname="DESKTOP-VUTO33F" errors="0">
  <testcase name="excelData" time="0.538" classname="WriteToExcel.ReadExcelDataMethod2"/>
</testsuite> <!-- WriteToExcel.ReadExcelDataMethod2 -->
