<?xml version="1.0" encoding="UTF-8"?>
<!-- Generated by org.testng.reporters.JUnitReportReporter -->
<testsuite name="orangehrmm.ReadExcelData" tests="1" time="0.772" ignored="0" failures="0" timestamp="30 Oct 2019 09:21:01 GMT" skipped="0" hostname="DESKTOP-VUTO33F" errors="0">
  <testcase name="excelData" time="0.772" classname="orangehrmm.ReadExcelData"/>
</testsuite> <!-- orangehrmm.ReadExcelData -->
