<?xml version="1.0" encoding="UTF-8"?>
<!-- Generated by org.testng.reporters.JUnitReportReporter -->
<testsuite name="WriteToExcel.DataProviderDemo" tests="2" time="0.016" ignored="0" failures="0" timestamp="31 Oct 2019 05:42:41 GMT" skipped="0" hostname="DESKTOP-VUTO33F" errors="0">
  <testcase name="test" time="0.002" classname="WriteToExcel.DataProviderDemo"/>
  <testcase name="test" time="0.014" classname="WriteToExcel.DataProviderDemo"/>
</testsuite> <!-- WriteToExcel.DataProviderDemo -->
