<?xml version="1.0" encoding="UTF-8"?>
<!-- Generated by org.testng.reporters.JUnitReportReporter -->
<testsuite name="WriteToExcel.WriteToExcel" tests="1" time="0.763" ignored="0" failures="0" timestamp="31 Oct 2019 06:05:07 GMT" skipped="0" hostname="DESKTOP-VUTO33F" errors="0">
  <testcase name="excelData" time="0.763" classname="WriteToExcel.WriteToExcel"/>
</testsuite> <!-- WriteToExcel.WriteToExcel -->
