<?xml version="1.0" encoding="UTF-8"?>
<!-- Generated by org.testng.reporters.JUnitReportReporter -->
<testsuite name="orangehrmm.DataProviderDemo" tests="2" time="0.024" ignored="0" failures="0" timestamp="30 Oct 2019 05:23:17 GMT" skipped="0" hostname="DESKTOP-VUTO33F" errors="0">
  <testcase name="test" time="0.020" classname="orangehrmm.DataProviderDemo"/>
  <testcase name="test" time="0.004" classname="orangehrmm.DataProviderDemo"/>
</testsuite> <!-- orangehrmm.DataProviderDemo -->
